<?xml version="1.0" encoding="UTF-8"?>
<!-- Generated by org.testng.reporters.JUnitReportReporter -->
<testsuite skipped="0" hostname="Akil-PC" name="com.qa.hubspot.tests.LoginPageByTest" tests="3" failures="0" timestamp="22 May 2019 16:52:09 GMT" time="41.885" errors="0">
  <testcase name="verifyLoginPageTitleTest" time="13.940" classname="com.qa.hubspot.tests.LoginPageByTest"/>
  <testcase name="verifySignUpLinkTest" time="13.193" classname="com.qa.hubspot.tests.LoginPageByTest"/>
  <testcase name="loginTest" time="14.752" classname="com.qa.hubspot.tests.LoginPageByTest"/>
</testsuite> <!-- com.qa.hubspot.tests.LoginPageByTest -->
