<?xml version="1.0" encoding="UTF-8"?>
<!-- Generated by org.testng.reporters.JUnitReportReporter -->
<testsuite skipped="0" hostname="Akil-PC" name="com.qa.hubspot.tests.HomePageTest" tests="3" failures="0" timestamp="22 May 2019 16:52:09 GMT" time="61.830" errors="0">
  <testcase name="verifyHomePageTitleTest" time="20.515" classname="com.qa.hubspot.tests.HomePageTest"/>
  <testcase name="verifyHomePageHeaderTest" time="20.642" classname="com.qa.hubspot.tests.HomePageTest"/>
  <testcase name="verifyLoggedInAccountNameTest" time="20.673" classname="com.qa.hubspot.tests.HomePageTest"/>
</testsuite> <!-- com.qa.hubspot.tests.HomePageTest -->
