<?xml version="1.0" encoding="UTF-8"?>
<!-- Generated by org.testng.reporters.JUnitReportReporter -->
<testsuite skipped="0" hostname="Akil-PC" name="com.qa.hubspot.tests.LoginPageTest" tests="3" failures="0" timestamp="25 May 2019 16:19:55 GMT" time="60.200" errors="0">
  <testcase name="verifyLoginPageTitleTest" time="14.347" classname="com.qa.hubspot.tests.LoginPageTest"/>
  <testcase name="verifySignUpLinkTest" time="30.115" classname="com.qa.hubspot.tests.LoginPageTest"/>
  <testcase name="loginTest" time="15.738" classname="com.qa.hubspot.tests.LoginPageTest"/>
</testsuite> <!-- com.qa.hubspot.tests.LoginPageTest -->
